[0.559s] DEBUG:colcon:Command line arguments: ['/usr/bin/colcon', 'build', '--symlink-install']
[0.559s] DEBUG:colcon:Parsed command line arguments: Namespace(log_base=None, log_level=None, verb_name='build', build_base='build', install_base='install', merge_install=False, symlink_install=True, test_result_base=None, continue_on_error=False, executor='parallel', parallel_workers=8, event_handlers=None, ignore_user_meta=False, metas=['./colcon.meta'], base_paths=['.'], packages_ignore=None, packages_ignore_regex=None, paths=None, packages_up_to=None, packages_up_to_regex=None, packages_above=None, packages_above_and_dependencies=None, packages_above_depth=None, packages_select_by_dep=None, packages_skip_by_dep=None, packages_skip_up_to=None, packages_select_build_failed=False, packages_skip_build_finished=False, packages_select_test_failures=False, packages_skip_test_passed=False, packages_select=None, packages_skip=None, packages_select_regex=None, packages_skip_regex=None, packages_start=None, packages_end=None, cmake_args=None, cmake_target=None, cmake_target_skip_unavailable=False, cmake_clean_cache=False, cmake_clean_first=False, cmake_force_configure=False, ament_cmake_args=None, catkin_cmake_args=None, catkin_skip_building_tests=False, mixin_files=None, mixin=None, verb_parser=<colcon_mixin.mixin.mixin_argument.MixinArgumentDecorator object at 0x78541ee7f670>, verb_extension=<colcon_core.verb.build.BuildVerb object at 0x78541f038340>, main=<bound method BuildVerb.main of <colcon_core.verb.build.BuildVerb object at 0x78541f038340>>, mixin_verb=('build',))
[1.054s] Level 1:colcon.colcon_core.package_discovery:discover_packages(colcon_meta) check parameters
[1.057s] INFO:colcon.colcon_metadata.package_discovery.colcon_meta:Using configuration from '/root/.colcon/metadata/default/Gazebo.meta'
[1.059s] INFO:colcon.colcon_metadata.package_discovery.colcon_meta:Using configuration from '/root/.colcon/metadata/default/fastdds.meta'
[1.061s] INFO:colcon.colcon_metadata.package_discovery.colcon_meta:Using configuration from '/root/.colcon/metadata/default/fastrtps.meta'
[1.064s] Level 1:colcon.colcon_core.package_discovery:discover_packages(recursive) check parameters
[1.065s] Level 1:colcon.colcon_core.package_discovery:discover_packages(ignore) check parameters
[1.066s] Level 1:colcon.colcon_core.package_discovery:discover_packages(path) check parameters
[1.067s] Level 1:colcon.colcon_core.package_discovery:discover_packages(colcon_meta) discover
[1.068s] Level 1:colcon.colcon_core.package_discovery:discover_packages(recursive) discover
[1.069s] INFO:colcon.colcon_core.package_discovery:Crawling recursively for packages in '/workspaces/Autonomous-Drone-Assistance/ros2_ws'
[1.076s] Level 1:colcon.colcon_core.package_identification:_identify(.) by extensions ['ignore', 'ignore_ament_install']
[1.080s] Level 1:colcon.colcon_core.package_identification:_identify(.) by extension 'ignore'
[1.082s] Level 1:colcon.colcon_core.package_identification:_identify(.) by extension 'ignore_ament_install'
[1.086s] Level 1:colcon.colcon_core.package_identification:_identify(.) by extensions ['colcon_pkg']
[1.087s] Level 1:colcon.colcon_core.package_identification:_identify(.) by extension 'colcon_pkg'
[1.089s] Level 1:colcon.colcon_core.package_identification:_identify(.) by extensions ['colcon_meta']
[1.090s] Level 1:colcon.colcon_core.package_identification:_identify(.) by extension 'colcon_meta'
[1.091s] Level 1:colcon.colcon_core.package_identification:_identify(.) by extensions ['ros']
[1.092s] Level 1:colcon.colcon_core.package_identification:_identify(.) by extension 'ros'
[1.125s] Level 1:colcon.colcon_core.package_identification:_identify(.) by extensions ['cmake', 'python']
[1.126s] Level 1:colcon.colcon_core.package_identification:_identify(.) by extension 'cmake'
[1.127s] Level 1:colcon.colcon_core.package_identification:_identify(.) by extension 'python'
[1.128s] Level 1:colcon.colcon_core.package_identification:_identify(.) by extensions ['python_setup_py']
[1.130s] Level 1:colcon.colcon_core.package_identification:_identify(.) by extension 'python_setup_py'
[1.142s] Level 1:colcon.colcon_core.package_identification:_identify(build) by extensions ['ignore', 'ignore_ament_install']
[1.143s] Level 1:colcon.colcon_core.package_identification:_identify(build) by extension 'ignore'
[1.151s] Level 1:colcon.colcon_core.package_identification:_identify(build) ignored
[1.160s] Level 1:colcon.colcon_core.package_identification:_identify(drone_control) by extensions ['ignore', 'ignore_ament_install']
[1.160s] Level 1:colcon.colcon_core.package_identification:_identify(drone_control) by extension 'ignore'
[1.165s] Level 1:colcon.colcon_core.package_identification:_identify(drone_control) by extension 'ignore_ament_install'
[1.172s] Level 1:colcon.colcon_core.package_identification:_identify(drone_control) by extensions ['colcon_pkg']
[1.173s] Level 1:colcon.colcon_core.package_identification:_identify(drone_control) by extension 'colcon_pkg'
[1.180s] Level 1:colcon.colcon_core.package_identification:_identify(drone_control) by extensions ['colcon_meta']
[1.182s] Level 1:colcon.colcon_core.package_identification:_identify(drone_control) by extension 'colcon_meta'
[1.188s] Level 1:colcon.colcon_core.package_identification:_identify(drone_control) by extensions ['ros']
[1.189s] Level 1:colcon.colcon_core.package_identification:_identify(drone_control) by extension 'ros'
[1.311s] DEBUG:colcon.colcon_core.package_identification:Package 'drone_control' with type 'ros.ament_cmake' and name 'drone_control'
[1.323s] Level 1:colcon.colcon_core.package_identification:_identify(drone_navigation) by extensions ['ignore', 'ignore_ament_install']
[1.324s] Level 1:colcon.colcon_core.package_identification:_identify(drone_navigation) by extension 'ignore'
[1.327s] Level 1:colcon.colcon_core.package_identification:_identify(drone_navigation) by extension 'ignore_ament_install'
[1.334s] Level 1:colcon.colcon_core.package_identification:_identify(drone_navigation) by extensions ['colcon_pkg']
[1.335s] Level 1:colcon.colcon_core.package_identification:_identify(drone_navigation) by extension 'colcon_pkg'
[1.338s] Level 1:colcon.colcon_core.package_identification:_identify(drone_navigation) by extensions ['colcon_meta']
[1.339s] Level 1:colcon.colcon_core.package_identification:_identify(drone_navigation) by extension 'colcon_meta'
[1.342s] Level 1:colcon.colcon_core.package_identification:_identify(drone_navigation) by extensions ['ros']
[1.342s] Level 1:colcon.colcon_core.package_identification:_identify(drone_navigation) by extension 'ros'
[1.381s] DEBUG:colcon.colcon_core.package_identification:Package 'drone_navigation' with type 'ros.ament_python' and name 'drone_navigation'
[1.389s] Level 1:colcon.colcon_core.package_identification:_identify(install) by extensions ['ignore', 'ignore_ament_install']
[1.390s] Level 1:colcon.colcon_core.package_identification:_identify(install) by extension 'ignore'
[1.395s] Level 1:colcon.colcon_core.package_identification:_identify(install) ignored
[1.409s] Level 1:colcon.colcon_core.package_identification:_identify(log) by extensions ['ignore', 'ignore_ament_install']
[1.409s] Level 1:colcon.colcon_core.package_identification:_identify(log) by extension 'ignore'
[1.413s] Level 1:colcon.colcon_core.package_identification:_identify(log) ignored
[1.422s] Level 1:colcon.colcon_core.package_identification:_identify(src) by extensions ['ignore', 'ignore_ament_install']
[1.422s] Level 1:colcon.colcon_core.package_identification:_identify(src) by extension 'ignore'
[1.425s] Level 1:colcon.colcon_core.package_identification:_identify(src) by extension 'ignore_ament_install'
[1.431s] Level 1:colcon.colcon_core.package_identification:_identify(src) by extensions ['colcon_pkg']
[1.431s] Level 1:colcon.colcon_core.package_identification:_identify(src) by extension 'colcon_pkg'
[1.434s] Level 1:colcon.colcon_core.package_identification:_identify(src) by extensions ['colcon_meta']
[1.434s] Level 1:colcon.colcon_core.package_identification:_identify(src) by extension 'colcon_meta'
[1.437s] Level 1:colcon.colcon_core.package_identification:_identify(src) by extensions ['ros']
[1.437s] Level 1:colcon.colcon_core.package_identification:_identify(src) by extension 'ros'
[1.449s] Level 1:colcon.colcon_core.package_identification:_identify(src) by extensions ['cmake', 'python']
[1.450s] Level 1:colcon.colcon_core.package_identification:_identify(src) by extension 'cmake'
[1.452s] Level 1:colcon.colcon_core.package_identification:_identify(src) by extension 'python'
[1.454s] Level 1:colcon.colcon_core.package_identification:_identify(src) by extensions ['python_setup_py']
[1.454s] Level 1:colcon.colcon_core.package_identification:_identify(src) by extension 'python_setup_py'
[1.457s] Level 1:colcon.colcon_core.package_discovery:discover_packages(recursive) using defaults
[1.459s] Level 1:colcon.colcon_core.package_discovery:discover_packages(ignore) discover
[1.459s] Level 1:colcon.colcon_core.package_discovery:discover_packages(ignore) using defaults
[1.460s] Level 1:colcon.colcon_core.package_discovery:discover_packages(path) discover
[1.460s] Level 1:colcon.colcon_core.package_discovery:discover_packages(path) using defaults
[1.518s] Level 5:colcon.colcon_core.verb:set package 'drone_control' build argument 'cmake_args' from command line to 'None'
[1.518s] Level 5:colcon.colcon_core.verb:set package 'drone_control' build argument 'cmake_target' from command line to 'None'
[1.519s] Level 5:colcon.colcon_core.verb:set package 'drone_control' build argument 'cmake_target_skip_unavailable' from command line to 'False'
[1.520s] Level 5:colcon.colcon_core.verb:set package 'drone_control' build argument 'cmake_clean_cache' from command line to 'False'
[1.520s] Level 5:colcon.colcon_core.verb:set package 'drone_control' build argument 'cmake_clean_first' from command line to 'False'
[1.521s] Level 5:colcon.colcon_core.verb:set package 'drone_control' build argument 'cmake_force_configure' from command line to 'False'
[1.522s] Level 5:colcon.colcon_core.verb:set package 'drone_control' build argument 'ament_cmake_args' from command line to 'None'
[1.523s] Level 5:colcon.colcon_core.verb:set package 'drone_control' build argument 'catkin_cmake_args' from command line to 'None'
[1.523s] Level 5:colcon.colcon_core.verb:set package 'drone_control' build argument 'catkin_skip_building_tests' from command line to 'False'
[1.523s] DEBUG:colcon.colcon_core.verb:Building package 'drone_control' with the following arguments: {'ament_cmake_args': None, 'build_base': '/workspaces/Autonomous-Drone-Assistance/ros2_ws/build/drone_control', 'catkin_cmake_args': None, 'catkin_skip_building_tests': False, 'cmake_args': None, 'cmake_clean_cache': False, 'cmake_clean_first': False, 'cmake_force_configure': False, 'cmake_target': None, 'cmake_target_skip_unavailable': False, 'install_base': '/workspaces/Autonomous-Drone-Assistance/ros2_ws/install/drone_control', 'merge_install': False, 'path': '/workspaces/Autonomous-Drone-Assistance/ros2_ws/drone_control', 'symlink_install': True, 'test_result_base': None}
[1.524s] Level 5:colcon.colcon_core.verb:set package 'drone_navigation' build argument 'cmake_args' from command line to 'None'
[1.525s] Level 5:colcon.colcon_core.verb:set package 'drone_navigation' build argument 'cmake_target' from command line to 'None'
[1.525s] Level 5:colcon.colcon_core.verb:set package 'drone_navigation' build argument 'cmake_target_skip_unavailable' from command line to 'False'
[1.526s] Level 5:colcon.colcon_core.verb:set package 'drone_navigation' build argument 'cmake_clean_cache' from command line to 'False'
[1.527s] Level 5:colcon.colcon_core.verb:set package 'drone_navigation' build argument 'cmake_clean_first' from command line to 'False'
[1.528s] Level 5:colcon.colcon_core.verb:set package 'drone_navigation' build argument 'cmake_force_configure' from command line to 'False'
[1.528s] Level 5:colcon.colcon_core.verb:set package 'drone_navigation' build argument 'ament_cmake_args' from command line to 'None'
[1.529s] Level 5:colcon.colcon_core.verb:set package 'drone_navigation' build argument 'catkin_cmake_args' from command line to 'None'
[1.530s] Level 5:colcon.colcon_core.verb:set package 'drone_navigation' build argument 'catkin_skip_building_tests' from command line to 'False'
[1.531s] DEBUG:colcon.colcon_core.verb:Building package 'drone_navigation' with the following arguments: {'ament_cmake_args': None, 'build_base': '/workspaces/Autonomous-Drone-Assistance/ros2_ws/build/drone_navigation', 'catkin_cmake_args': None, 'catkin_skip_building_tests': False, 'cmake_args': None, 'cmake_clean_cache': False, 'cmake_clean_first': False, 'cmake_force_configure': False, 'cmake_target': None, 'cmake_target_skip_unavailable': False, 'install_base': '/workspaces/Autonomous-Drone-Assistance/ros2_ws/install/drone_navigation', 'merge_install': False, 'path': '/workspaces/Autonomous-Drone-Assistance/ros2_ws/drone_navigation', 'symlink_install': True, 'test_result_base': None}
[1.532s] INFO:colcon.colcon_core.executor:Executing jobs using 'parallel' executor
[1.538s] DEBUG:colcon.colcon_parallel_executor.executor.parallel:run_until_complete
[1.543s] INFO:colcon.colcon_ros.task.ament_cmake.build:Building ROS package in '/workspaces/Autonomous-Drone-Assistance/ros2_ws/drone_control' with build type 'ament_cmake'
[1.544s] INFO:colcon.colcon_cmake.task.cmake.build:Building CMake package in '/workspaces/Autonomous-Drone-Assistance/ros2_ws/drone_control'
[1.563s] INFO:colcon.colcon_core.plugin_system:Skipping extension 'colcon_core.shell.bat': Not used on non-Windows systems
[1.564s] INFO:colcon.colcon_core.shell:Skip shell extension 'powershell' for command environment: Not usable outside of PowerShell
[1.565s] DEBUG:colcon.colcon_core.shell:Skip shell extension 'dsv' for command environment
[1.623s] INFO:colcon.colcon_ros.task.ament_python.build:Building ROS package in '/workspaces/Autonomous-Drone-Assistance/ros2_ws/drone_navigation' with build type 'ament_python'
[1.625s] Level 1:colcon.colcon_core.shell:create_environment_hook('drone_navigation', 'ament_prefix_path')
[1.626s] INFO:colcon.colcon_core.shell:Creating environment hook '/workspaces/Autonomous-Drone-Assistance/ros2_ws/install/drone_navigation/share/drone_navigation/hook/ament_prefix_path.ps1'
[1.709s] INFO:colcon.colcon_core.shell:Creating environment descriptor '/workspaces/Autonomous-Drone-Assistance/ros2_ws/install/drone_navigation/share/drone_navigation/hook/ament_prefix_path.dsv'
[1.748s] INFO:colcon.colcon_core.shell:Creating environment hook '/workspaces/Autonomous-Drone-Assistance/ros2_ws/install/drone_navigation/share/drone_navigation/hook/ament_prefix_path.sh'
[1.790s] INFO:colcon.colcon_core.shell:Skip shell extension 'powershell' for command environment: Not usable outside of PowerShell
[1.792s] DEBUG:colcon.colcon_core.shell:Skip shell extension 'dsv' for command environment
[1.977s] DEBUG:colcon.colcon_core.event_handler.log_command:Invoking command in '/workspaces/Autonomous-Drone-Assistance/ros2_ws/build/drone_control': CMAKE_PREFIX_PATH=/opt/ros/humble /usr/bin/cmake /workspaces/Autonomous-Drone-Assistance/ros2_ws/drone_control -DAMENT_CMAKE_SYMLINK_INSTALL=1 -DCMAKE_INSTALL_PREFIX=/workspaces/Autonomous-Drone-Assistance/ros2_ws/install/drone_control
[2.349s] INFO:colcon.colcon_core.task.python.build:Building Python package in '/workspaces/Autonomous-Drone-Assistance/ros2_ws/drone_navigation'
[2.350s] INFO:colcon.colcon_core.shell:Skip shell extension 'powershell' for command environment: Not usable outside of PowerShell
[2.351s] DEBUG:colcon.colcon_core.shell:Skip shell extension 'dsv' for command environment
[4.815s] DEBUG:colcon.colcon_core.event_handler.log_command:Invoking command in '/workspaces/Autonomous-Drone-Assistance/ros2_ws/build/drone_navigation': PYTHONPATH=/workspaces/Autonomous-Drone-Assistance/ros2_ws/build/drone_navigation/prefix_override:/usr/lib/python3/dist-packages/colcon_core/task/python/colcon_distutils_commands:/workspaces/Autonomous-Drone-Assistance/ros2_ws/install/drone_navigation/lib/python3.10/site-packages:${PYTHONPATH} /usr/bin/python3 -W ignore:setup.py install is deprecated -W ignore:easy_install command is deprecated setup.py develop --editable --build-directory /workspaces/Autonomous-Drone-Assistance/ros2_ws/build/drone_navigation/build --no-deps symlink_data
[8.181s] Level 1:colcon.colcon_core.shell:create_environment_hook('drone_navigation', 'pythonpath_develop')
[8.182s] INFO:colcon.colcon_core.shell:Creating environment hook '/workspaces/Autonomous-Drone-Assistance/ros2_ws/build/drone_navigation/share/drone_navigation/hook/pythonpath_develop.ps1'
[8.183s] DEBUG:colcon.colcon_core.event_handler.log_command:Invoked command in '/workspaces/Autonomous-Drone-Assistance/ros2_ws/build/drone_navigation' returned '0': PYTHONPATH=/workspaces/Autonomous-Drone-Assistance/ros2_ws/build/drone_navigation/prefix_override:/usr/lib/python3/dist-packages/colcon_core/task/python/colcon_distutils_commands:/workspaces/Autonomous-Drone-Assistance/ros2_ws/install/drone_navigation/lib/python3.10/site-packages:${PYTHONPATH} /usr/bin/python3 -W ignore:setup.py install is deprecated -W ignore:easy_install command is deprecated setup.py develop --editable --build-directory /workspaces/Autonomous-Drone-Assistance/ros2_ws/build/drone_navigation/build --no-deps symlink_data
[8.217s] INFO:colcon.colcon_core.shell:Creating environment descriptor '/workspaces/Autonomous-Drone-Assistance/ros2_ws/build/drone_navigation/share/drone_navigation/hook/pythonpath_develop.dsv'
[8.248s] INFO:colcon.colcon_core.shell:Creating environment hook '/workspaces/Autonomous-Drone-Assistance/ros2_ws/build/drone_navigation/share/drone_navigation/hook/pythonpath_develop.sh'
[8.279s] Level 1:colcon.colcon_core.environment:checking '/workspaces/Autonomous-Drone-Assistance/ros2_ws/install/drone_navigation' for CMake module files
[8.350s] Level 1:colcon.colcon_core.environment:checking '/workspaces/Autonomous-Drone-Assistance/ros2_ws/install/drone_navigation' for CMake config files
[8.514s] Level 1:colcon.colcon_core.environment:checking '/workspaces/Autonomous-Drone-Assistance/ros2_ws/install/drone_navigation/lib'
[8.526s] Level 1:colcon.colcon_core.environment:checking '/workspaces/Autonomous-Drone-Assistance/ros2_ws/install/drone_navigation/bin'
[8.530s] Level 1:colcon.colcon_core.environment:checking '/workspaces/Autonomous-Drone-Assistance/ros2_ws/install/drone_navigation/lib/pkgconfig/drone_navigation.pc'
[8.534s] Level 1:colcon.colcon_core.environment:checking '/workspaces/Autonomous-Drone-Assistance/ros2_ws/install/drone_navigation/lib/python3.10/site-packages'
[8.539s] Level 1:colcon.colcon_core.shell:create_environment_hook('drone_navigation', 'pythonpath')
[8.539s] INFO:colcon.colcon_core.shell:Creating environment hook '/workspaces/Autonomous-Drone-Assistance/ros2_ws/install/drone_navigation/share/drone_navigation/hook/pythonpath.ps1'
[8.582s] INFO:colcon.colcon_core.shell:Creating environment descriptor '/workspaces/Autonomous-Drone-Assistance/ros2_ws/install/drone_navigation/share/drone_navigation/hook/pythonpath.dsv'
[8.636s] INFO:colcon.colcon_core.shell:Creating environment hook '/workspaces/Autonomous-Drone-Assistance/ros2_ws/install/drone_navigation/share/drone_navigation/hook/pythonpath.sh'
[8.678s] Level 1:colcon.colcon_core.environment:checking '/workspaces/Autonomous-Drone-Assistance/ros2_ws/install/drone_navigation/bin'
[8.689s] Level 1:colcon.colcon_core.environment:create_environment_scripts_only(drone_navigation)
[8.690s] INFO:colcon.colcon_core.shell:Creating package script '/workspaces/Autonomous-Drone-Assistance/ros2_ws/install/drone_navigation/share/drone_navigation/package.ps1'
[8.718s] INFO:colcon.colcon_core.shell:Creating package descriptor '/workspaces/Autonomous-Drone-Assistance/ros2_ws/install/drone_navigation/share/drone_navigation/package.dsv'
[8.765s] INFO:colcon.colcon_core.shell:Creating package script '/workspaces/Autonomous-Drone-Assistance/ros2_ws/install/drone_navigation/share/drone_navigation/package.sh'
[8.799s] INFO:colcon.colcon_core.shell:Creating package script '/workspaces/Autonomous-Drone-Assistance/ros2_ws/install/drone_navigation/share/drone_navigation/package.bash'
[8.825s] INFO:colcon.colcon_core.shell:Creating package script '/workspaces/Autonomous-Drone-Assistance/ros2_ws/install/drone_navigation/share/drone_navigation/package.zsh'
[8.856s] Level 1:colcon.colcon_core.environment:create_file_with_runtime_dependencies(/workspaces/Autonomous-Drone-Assistance/ros2_ws/install/drone_navigation/share/colcon-core/packages/drone_navigation)
[16.570s] DEBUG:colcon.colcon_core.event_handler.log_command:Invoked command in '/workspaces/Autonomous-Drone-Assistance/ros2_ws/build/drone_control' returned '0': CMAKE_PREFIX_PATH=/opt/ros/humble /usr/bin/cmake /workspaces/Autonomous-Drone-Assistance/ros2_ws/drone_control -DAMENT_CMAKE_SYMLINK_INSTALL=1 -DCMAKE_INSTALL_PREFIX=/workspaces/Autonomous-Drone-Assistance/ros2_ws/install/drone_control
[16.605s] DEBUG:colcon.colcon_core.event_handler.log_command:Invoking command in '/workspaces/Autonomous-Drone-Assistance/ros2_ws/build/drone_control': CMAKE_PREFIX_PATH=/opt/ros/humble /usr/bin/cmake --build /workspaces/Autonomous-Drone-Assistance/ros2_ws/build/drone_control -- -j8 -l8
[22.491s] DEBUG:colcon.colcon_core.event_handler.log_command:Invoked command in '/workspaces/Autonomous-Drone-Assistance/ros2_ws/build/drone_control' returned '2': CMAKE_PREFIX_PATH=/opt/ros/humble /usr/bin/cmake --build /workspaces/Autonomous-Drone-Assistance/ros2_ws/build/drone_control -- -j8 -l8
[22.509s] Level 1:colcon.colcon_core.environment:create_environment_scripts_only(drone_control)
[22.510s] Level 1:colcon.colcon_core.environment:checking '/workspaces/Autonomous-Drone-Assistance/ros2_ws/install/drone_control' for CMake module files
[22.524s] Level 1:colcon.colcon_core.environment:checking '/workspaces/Autonomous-Drone-Assistance/ros2_ws/install/drone_control' for CMake config files
[22.526s] Level 1:colcon.colcon_core.environment:checking '/workspaces/Autonomous-Drone-Assistance/ros2_ws/install/drone_control/bin'
[22.526s] Level 1:colcon.colcon_core.environment:checking '/workspaces/Autonomous-Drone-Assistance/ros2_ws/install/drone_control/lib/pkgconfig/drone_control.pc'
[22.528s] Level 1:colcon.colcon_core.environment:checking '/workspaces/Autonomous-Drone-Assistance/ros2_ws/install/drone_control/lib/python3.10/site-packages'
[22.529s] Level 1:colcon.colcon_core.environment:checking '/workspaces/Autonomous-Drone-Assistance/ros2_ws/install/drone_control/bin'
[22.530s] INFO:colcon.colcon_core.shell:Creating package script '/workspaces/Autonomous-Drone-Assistance/ros2_ws/install/drone_control/share/drone_control/package.ps1'
[22.552s] INFO:colcon.colcon_core.shell:Creating package descriptor '/workspaces/Autonomous-Drone-Assistance/ros2_ws/install/drone_control/share/drone_control/package.dsv'
[22.572s] INFO:colcon.colcon_core.shell:Creating package script '/workspaces/Autonomous-Drone-Assistance/ros2_ws/install/drone_control/share/drone_control/package.sh'
[22.592s] INFO:colcon.colcon_core.shell:Creating package script '/workspaces/Autonomous-Drone-Assistance/ros2_ws/install/drone_control/share/drone_control/package.bash'
[22.670s] INFO:colcon.colcon_core.shell:Creating package script '/workspaces/Autonomous-Drone-Assistance/ros2_ws/install/drone_control/share/drone_control/package.zsh'
[22.744s] Level 1:colcon.colcon_core.environment:create_file_with_runtime_dependencies(/workspaces/Autonomous-Drone-Assistance/ros2_ws/install/drone_control/share/colcon-core/packages/drone_control)
[22.817s] DEBUG:colcon.colcon_parallel_executor.executor.parallel:closing loop
[22.829s] DEBUG:colcon.colcon_parallel_executor.executor.parallel:loop closed
[22.835s] DEBUG:colcon.colcon_parallel_executor.executor.parallel:run_until_complete finished with '2'
[22.838s] DEBUG:colcon.colcon_core.event_reactor:joining thread
[22.978s] INFO:colcon.colcon_core.plugin_system:Skipping extension 'colcon_notification.desktop_notification.notify_send': Could not find 'notify-send'
[22.979s] INFO:colcon.colcon_core.plugin_system:Skipping extension 'colcon_notification.desktop_notification.terminal_notifier': Not used on non-Darwin systems
[22.982s] INFO:colcon.colcon_core.plugin_system:Skipping extension 'colcon_notification.desktop_notification.win32': Not used on non-Windows systems
[22.982s] INFO:colcon.colcon_notification.desktop_notification:Sending desktop notification using 'notify2'
[22.989s] DEBUG:colcon.colcon_notification.desktop_notification.notify2:Failed to initialize notify2: org.freedesktop.DBus.Error.Spawn.ExecFailed: /usr/bin/dbus-launch terminated abnormally without any error message
[22.990s] DEBUG:colcon.colcon_core.event_reactor:joined thread
[22.992s] INFO:colcon.colcon_core.shell:Creating prefix script '/workspaces/Autonomous-Drone-Assistance/ros2_ws/install/local_setup.ps1'
[23.013s] INFO:colcon.colcon_core.shell:Creating prefix util module '/workspaces/Autonomous-Drone-Assistance/ros2_ws/install/_local_setup_util_ps1.py'
[23.057s] INFO:colcon.colcon_core.shell:Creating prefix chain script '/workspaces/Autonomous-Drone-Assistance/ros2_ws/install/setup.ps1'
[23.089s] INFO:colcon.colcon_core.shell:Creating prefix script '/workspaces/Autonomous-Drone-Assistance/ros2_ws/install/local_setup.sh'
[23.115s] INFO:colcon.colcon_core.shell:Creating prefix util module '/workspaces/Autonomous-Drone-Assistance/ros2_ws/install/_local_setup_util_sh.py'
[23.142s] INFO:colcon.colcon_core.shell:Creating prefix chain script '/workspaces/Autonomous-Drone-Assistance/ros2_ws/install/setup.sh'
[23.166s] INFO:colcon.colcon_core.shell:Creating prefix script '/workspaces/Autonomous-Drone-Assistance/ros2_ws/install/local_setup.bash'
[23.193s] INFO:colcon.colcon_core.shell:Creating prefix chain script '/workspaces/Autonomous-Drone-Assistance/ros2_ws/install/setup.bash'
[23.217s] INFO:colcon.colcon_core.shell:Creating prefix script '/workspaces/Autonomous-Drone-Assistance/ros2_ws/install/local_setup.zsh'
[23.235s] INFO:colcon.colcon_core.shell:Creating prefix chain script '/workspaces/Autonomous-Drone-Assistance/ros2_ws/install/setup.zsh'
