[0.424s] Invoking command in '/workspaces/Autonomous-Drone-Assistance/ros2_ws/build/drone_control': CMAKE_PREFIX_PATH=/opt/ros/humble /usr/bin/cmake /workspaces/Autonomous-Drone-Assistance/ros2_ws/drone_control -DAMENT_CMAKE_SYMLINK_INSTALL=1 -DCMAKE_INSTALL_PREFIX=/workspaces/Autonomous-Drone-Assistance/ros2_ws/install/drone_control
[1.251s] -- The C compiler identification is GNU 11.4.0
[1.818s] -- The CXX compiler identification is GNU 11.4.0
[1.929s] -- Detecting C compiler ABI info
[3.212s] -- Detecting C compiler ABI info - done
[3.278s] -- Check for working C compiler: /usr/bin/cc - skipped
[3.280s] -- Detecting C compile features
[3.282s] -- Detecting C compile features - done
[3.461s] -- Detecting CXX compiler ABI info
[4.961s] -- Detecting CXX compiler ABI info - done
[5.027s] -- Check for working CXX compiler: /usr/bin/c++ - skipped
[5.029s] -- Detecting CXX compile features
[5.031s] -- Detecting CXX compile features - done
[5.171s] -- Found ament_cmake: 1.3.12 (/opt/ros/humble/share/ament_cmake/cmake)
[5.418s] -- Found Python3: /usr/bin/python3 (found version "3.10.12") found components: Interpreter 
[5.700s] -- Override CMake install command with custom implementation using symlinks instead of copying resources
[6.157s] -- Found rclcpp: 16.0.15 (/opt/ros/humble/share/rclcpp/cmake)
[6.309s] -- Found rosidl_generator_c: 3.1.7 (/opt/ros/humble/share/rosidl_generator_c/cmake)
[6.328s] -- Found rosidl_adapter: 3.1.7 (/opt/ros/humble/share/rosidl_adapter/cmake)
[6.353s] -- Found rosidl_generator_cpp: 3.1.7 (/opt/ros/humble/share/rosidl_generator_cpp/cmake)
[6.403s] -- Using all available rosidl_typesupport_c: rosidl_typesupport_fastrtps_c;rosidl_typesupport_introspection_c
[6.454s] -- Using all available rosidl_typesupport_cpp: rosidl_typesupport_fastrtps_cpp;rosidl_typesupport_introspection_cpp
[6.583s] -- Found rmw_implementation_cmake: 6.1.2 (/opt/ros/humble/share/rmw_implementation_cmake/cmake)
[6.590s] -- Found rmw_fastrtps_cpp: 6.2.9 (/opt/ros/humble/share/rmw_fastrtps_cpp/cmake)
[6.746s] -- Found OpenSSL: /usr/lib/x86_64-linux-gnu/libcrypto.so (found version "3.0.2")  
[6.790s] -- Found FastRTPS: /opt/ros/humble/include  
[6.842s] -- Using RMW implementation 'rmw_fastrtps_cpp' as default
[6.941s] -- Looking for pthread.h
[8.538s] -- Looking for pthread.h - found
[8.651s] -- Performing Test CMAKE_HAVE_LIBC_PTHREAD
[10.520s] -- Performing Test CMAKE_HAVE_LIBC_PTHREAD - Success
[10.539s] -- Found Threads: TRUE  
[10.921s] -- Found geometry_msgs: 4.9.0 (/opt/ros/humble/share/geometry_msgs/cmake)
[12.715s] -- Configuring done
[14.348s] -- Generating done
[14.970s] -- Build files have been written to: /workspaces/Autonomous-Drone-Assistance/ros2_ws/build/drone_control
[15.014s] Invoked command in '/workspaces/Autonomous-Drone-Assistance/ros2_ws/build/drone_control' returned '0': CMAKE_PREFIX_PATH=/opt/ros/humble /usr/bin/cmake /workspaces/Autonomous-Drone-Assistance/ros2_ws/drone_control -DAMENT_CMAKE_SYMLINK_INSTALL=1 -DCMAKE_INSTALL_PREFIX=/workspaces/Autonomous-Drone-Assistance/ros2_ws/install/drone_control
[15.049s] Invoking command in '/workspaces/Autonomous-Drone-Assistance/ros2_ws/build/drone_control': CMAKE_PREFIX_PATH=/opt/ros/humble /usr/bin/cmake --build /workspaces/Autonomous-Drone-Assistance/ros2_ws/build/drone_control -- -j8 -l8
[15.833s] [ 50%] [32mBuilding CXX object CMakeFiles/drone_mover.dir/src/drone_mover.cpp.o[0m
[20.513s] [01m[K/workspaces/Autonomous-Drone-Assistance/ros2_ws/drone_control/src/drone_mover.cpp:4:17:[m[K [01;31m[Kerror: [m[Kexpected unqualified-id at end of input
[20.515s]     4 | class DroneMover
[20.516s]       |                 [01;31m[K^[m[K
[20.929s] gmake[2]: *** [CMakeFiles/drone_mover.dir/build.make:76: CMakeFiles/drone_mover.dir/src/drone_mover.cpp.o] Error 1
[20.931s] gmake[1]: *** [CMakeFiles/Makefile2:137: CMakeFiles/drone_mover.dir/all] Error 2
[20.933s] gmake: *** [Makefile:146: all] Error 2
[20.935s] Invoked command in '/workspaces/Autonomous-Drone-Assistance/ros2_ws/build/drone_control' returned '2': CMAKE_PREFIX_PATH=/opt/ros/humble /usr/bin/cmake --build /workspaces/Autonomous-Drone-Assistance/ros2_ws/build/drone_control -- -j8 -l8
