[1.800s] DEBUG:colcon:Command line arguments: ['/usr/bin/colcon', 'build', '--symlink-install']
[1.801s] DEBUG:colcon:Parsed command line arguments: Namespace(log_base=None, log_level=None, verb_name='build', build_base='build', install_base='install', merge_install=False, symlink_install=True, test_result_base=None, continue_on_error=False, executor='parallel', parallel_workers=8, event_handlers=None, ignore_user_meta=False, metas=['./colcon.meta'], base_paths=['.'], packages_ignore=None, packages_ignore_regex=None, paths=None, packages_up_to=None, packages_up_to_regex=None, packages_above=None, packages_above_and_dependencies=None, packages_above_depth=None, packages_select_by_dep=None, packages_skip_by_dep=None, packages_skip_up_to=None, packages_select_build_failed=False, packages_skip_build_finished=False, packages_select_test_failures=False, packages_skip_test_passed=False, packages_select=None, packages_skip=None, packages_select_regex=None, packages_skip_regex=None, packages_start=None, packages_end=None, cmake_args=None, cmake_target=None, cmake_target_skip_unavailable=False, cmake_clean_cache=False, cmake_clean_first=False, cmake_force_configure=False, ament_cmake_args=None, catkin_cmake_args=None, catkin_skip_building_tests=False, mixin_files=None, mixin=None, verb_parser=<colcon_mixin.mixin.mixin_argument.MixinArgumentDecorator object at 0x7d2a64f73b20>, verb_extension=<colcon_core.verb.build.BuildVerb object at 0x7d2a6512c7f0>, main=<bound method BuildVerb.main of <colcon_core.verb.build.BuildVerb object at 0x7d2a6512c7f0>>, mixin_verb=('build',))
[2.799s] Level 1:colcon.colcon_core.package_discovery:discover_packages(colcon_meta) check parameters
[2.801s] INFO:colcon.colcon_metadata.package_discovery.colcon_meta:Using configuration from '/root/.colcon/metadata/default/Gazebo.meta'
[2.803s] INFO:colcon.colcon_metadata.package_discovery.colcon_meta:Using configuration from '/root/.colcon/metadata/default/fastdds.meta'
[2.805s] INFO:colcon.colcon_metadata.package_discovery.colcon_meta:Using configuration from '/root/.colcon/metadata/default/fastrtps.meta'
[2.807s] Level 1:colcon.colcon_core.package_discovery:discover_packages(recursive) check parameters
[2.808s] Level 1:colcon.colcon_core.package_discovery:discover_packages(ignore) check parameters
[2.809s] Level 1:colcon.colcon_core.package_discovery:discover_packages(path) check parameters
[2.810s] Level 1:colcon.colcon_core.package_discovery:discover_packages(colcon_meta) discover
[2.811s] Level 1:colcon.colcon_core.package_discovery:discover_packages(recursive) discover
[2.812s] INFO:colcon.colcon_core.package_discovery:Crawling recursively for packages in '/workspaces/Autonomous-Drone-Assistance/ros2_ws'
[2.820s] Level 1:colcon.colcon_core.package_identification:_identify(.) by extensions ['ignore', 'ignore_ament_install']
[2.821s] Level 1:colcon.colcon_core.package_identification:_identify(.) by extension 'ignore'
[2.824s] Level 1:colcon.colcon_core.package_identification:_identify(.) by extension 'ignore_ament_install'
[2.827s] Level 1:colcon.colcon_core.package_identification:_identify(.) by extensions ['colcon_pkg']
[2.828s] Level 1:colcon.colcon_core.package_identification:_identify(.) by extension 'colcon_pkg'
[2.830s] Level 1:colcon.colcon_core.package_identification:_identify(.) by extensions ['colcon_meta']
[2.831s] Level 1:colcon.colcon_core.package_identification:_identify(.) by extension 'colcon_meta'
[2.832s] Level 1:colcon.colcon_core.package_identification:_identify(.) by extensions ['ros']
[2.833s] Level 1:colcon.colcon_core.package_identification:_identify(.) by extension 'ros'
[2.889s] Level 1:colcon.colcon_core.package_identification:_identify(.) by extensions ['cmake', 'python']
[2.890s] Level 1:colcon.colcon_core.package_identification:_identify(.) by extension 'cmake'
[2.891s] Level 1:colcon.colcon_core.package_identification:_identify(.) by extension 'python'
[2.893s] Level 1:colcon.colcon_core.package_identification:_identify(.) by extensions ['python_setup_py']
[2.895s] Level 1:colcon.colcon_core.package_identification:_identify(.) by extension 'python_setup_py'
[2.911s] Level 1:colcon.colcon_core.package_identification:_identify(build) by extensions ['ignore', 'ignore_ament_install']
[2.912s] Level 1:colcon.colcon_core.package_identification:_identify(build) by extension 'ignore'
[2.920s] Level 1:colcon.colcon_core.package_identification:_identify(build) ignored
[2.935s] Level 1:colcon.colcon_core.package_identification:_identify(drone_control) by extensions ['ignore', 'ignore_ament_install']
[2.936s] Level 1:colcon.colcon_core.package_identification:_identify(drone_control) by extension 'ignore'
[2.940s] Level 1:colcon.colcon_core.package_identification:_identify(drone_control) by extension 'ignore_ament_install'
[2.948s] Level 1:colcon.colcon_core.package_identification:_identify(drone_control) by extensions ['colcon_pkg']
[2.949s] Level 1:colcon.colcon_core.package_identification:_identify(drone_control) by extension 'colcon_pkg'
[2.953s] Level 1:colcon.colcon_core.package_identification:_identify(drone_control) by extensions ['colcon_meta']
[2.954s] Level 1:colcon.colcon_core.package_identification:_identify(drone_control) by extension 'colcon_meta'
[2.958s] Level 1:colcon.colcon_core.package_identification:_identify(drone_control) by extensions ['ros']
[2.959s] Level 1:colcon.colcon_core.package_identification:_identify(drone_control) by extension 'ros'
[3.017s] DEBUG:colcon.colcon_core.package_identification:Package 'drone_control' with type 'ros.ament_cmake' and name 'drone_control'
[3.031s] Level 1:colcon.colcon_core.package_identification:_identify(drone_navigation) by extensions ['ignore', 'ignore_ament_install']
[3.032s] Level 1:colcon.colcon_core.package_identification:_identify(drone_navigation) by extension 'ignore'
[3.036s] Level 1:colcon.colcon_core.package_identification:_identify(drone_navigation) by extension 'ignore_ament_install'
[3.045s] Level 1:colcon.colcon_core.package_identification:_identify(drone_navigation) by extensions ['colcon_pkg']
[3.046s] Level 1:colcon.colcon_core.package_identification:_identify(drone_navigation) by extension 'colcon_pkg'
[3.050s] Level 1:colcon.colcon_core.package_identification:_identify(drone_navigation) by extensions ['colcon_meta']
[3.051s] Level 1:colcon.colcon_core.package_identification:_identify(drone_navigation) by extension 'colcon_meta'
[3.055s] Level 1:colcon.colcon_core.package_identification:_identify(drone_navigation) by extensions ['ros']
[3.056s] Level 1:colcon.colcon_core.package_identification:_identify(drone_navigation) by extension 'ros'
[3.101s] DEBUG:colcon.colcon_core.package_identification:Package 'drone_navigation' with type 'ros.ament_python' and name 'drone_navigation'
[3.114s] Level 1:colcon.colcon_core.package_identification:_identify(install) by extensions ['ignore', 'ignore_ament_install']
[3.115s] Level 1:colcon.colcon_core.package_identification:_identify(install) by extension 'ignore'
[3.121s] Level 1:colcon.colcon_core.package_identification:_identify(install) ignored
[3.140s] Level 1:colcon.colcon_core.package_identification:_identify(log) by extensions ['ignore', 'ignore_ament_install']
[3.141s] Level 1:colcon.colcon_core.package_identification:_identify(log) by extension 'ignore'
[3.145s] Level 1:colcon.colcon_core.package_identification:_identify(log) ignored
[3.157s] Level 1:colcon.colcon_core.package_identification:_identify(src) by extensions ['ignore', 'ignore_ament_install']
[3.158s] Level 1:colcon.colcon_core.package_identification:_identify(src) by extension 'ignore'
[3.162s] Level 1:colcon.colcon_core.package_identification:_identify(src) by extension 'ignore_ament_install'
[3.199s] Level 1:colcon.colcon_core.package_identification:_identify(src) by extensions ['colcon_pkg']
[3.200s] Level 1:colcon.colcon_core.package_identification:_identify(src) by extension 'colcon_pkg'
[3.204s] Level 1:colcon.colcon_core.package_identification:_identify(src) by extensions ['colcon_meta']
[3.205s] Level 1:colcon.colcon_core.package_identification:_identify(src) by extension 'colcon_meta'
[3.210s] Level 1:colcon.colcon_core.package_identification:_identify(src) by extensions ['ros']
[3.211s] Level 1:colcon.colcon_core.package_identification:_identify(src) by extension 'ros'
[3.229s] Level 1:colcon.colcon_core.package_identification:_identify(src) by extensions ['cmake', 'python']
[3.230s] Level 1:colcon.colcon_core.package_identification:_identify(src) by extension 'cmake'
[3.237s] Level 1:colcon.colcon_core.package_identification:_identify(src) by extension 'python'
[3.243s] Level 1:colcon.colcon_core.package_identification:_identify(src) by extensions ['python_setup_py']
[3.247s] Level 1:colcon.colcon_core.package_identification:_identify(src) by extension 'python_setup_py'
[3.251s] Level 1:colcon.colcon_core.package_discovery:discover_packages(recursive) using defaults
[3.252s] Level 1:colcon.colcon_core.package_discovery:discover_packages(ignore) discover
[3.253s] Level 1:colcon.colcon_core.package_discovery:discover_packages(ignore) using defaults
[3.254s] Level 1:colcon.colcon_core.package_discovery:discover_packages(path) discover
[3.255s] Level 1:colcon.colcon_core.package_discovery:discover_packages(path) using defaults
[3.616s] Level 5:colcon.colcon_core.verb:set package 'drone_control' build argument 'cmake_args' from command line to 'None'
[3.617s] Level 5:colcon.colcon_core.verb:set package 'drone_control' build argument 'cmake_target' from command line to 'None'
[3.618s] Level 5:colcon.colcon_core.verb:set package 'drone_control' build argument 'cmake_target_skip_unavailable' from command line to 'False'
[3.619s] Level 5:colcon.colcon_core.verb:set package 'drone_control' build argument 'cmake_clean_cache' from command line to 'False'
[3.620s] Level 5:colcon.colcon_core.verb:set package 'drone_control' build argument 'cmake_clean_first' from command line to 'False'
[3.621s] Level 5:colcon.colcon_core.verb:set package 'drone_control' build argument 'cmake_force_configure' from command line to 'False'
[3.622s] Level 5:colcon.colcon_core.verb:set package 'drone_control' build argument 'ament_cmake_args' from command line to 'None'
[3.623s] Level 5:colcon.colcon_core.verb:set package 'drone_control' build argument 'catkin_cmake_args' from command line to 'None'
[3.624s] Level 5:colcon.colcon_core.verb:set package 'drone_control' build argument 'catkin_skip_building_tests' from command line to 'False'
[3.625s] DEBUG:colcon.colcon_core.verb:Building package 'drone_control' with the following arguments: {'ament_cmake_args': None, 'build_base': '/workspaces/Autonomous-Drone-Assistance/ros2_ws/build/drone_control', 'catkin_cmake_args': None, 'catkin_skip_building_tests': False, 'cmake_args': None, 'cmake_clean_cache': False, 'cmake_clean_first': False, 'cmake_force_configure': False, 'cmake_target': None, 'cmake_target_skip_unavailable': False, 'install_base': '/workspaces/Autonomous-Drone-Assistance/ros2_ws/install/drone_control', 'merge_install': False, 'path': '/workspaces/Autonomous-Drone-Assistance/ros2_ws/drone_control', 'symlink_install': True, 'test_result_base': None}
[3.627s] Level 5:colcon.colcon_core.verb:set package 'drone_navigation' build argument 'cmake_args' from command line to 'None'
[3.628s] Level 5:colcon.colcon_core.verb:set package 'drone_navigation' build argument 'cmake_target' from command line to 'None'
[3.629s] Level 5:colcon.colcon_core.verb:set package 'drone_navigation' build argument 'cmake_target_skip_unavailable' from command line to 'False'
[3.630s] Level 5:colcon.colcon_core.verb:set package 'drone_navigation' build argument 'cmake_clean_cache' from command line to 'False'
[3.631s] Level 5:colcon.colcon_core.verb:set package 'drone_navigation' build argument 'cmake_clean_first' from command line to 'False'
[3.632s] Level 5:colcon.colcon_core.verb:set package 'drone_navigation' build argument 'cmake_force_configure' from command line to 'False'
[3.632s] Level 5:colcon.colcon_core.verb:set package 'drone_navigation' build argument 'ament_cmake_args' from command line to 'None'
[3.633s] Level 5:colcon.colcon_core.verb:set package 'drone_navigation' build argument 'catkin_cmake_args' from command line to 'None'
[3.634s] Level 5:colcon.colcon_core.verb:set package 'drone_navigation' build argument 'catkin_skip_building_tests' from command line to 'False'
[3.635s] DEBUG:colcon.colcon_core.verb:Building package 'drone_navigation' with the following arguments: {'ament_cmake_args': None, 'build_base': '/workspaces/Autonomous-Drone-Assistance/ros2_ws/build/drone_navigation', 'catkin_cmake_args': None, 'catkin_skip_building_tests': False, 'cmake_args': None, 'cmake_clean_cache': False, 'cmake_clean_first': False, 'cmake_force_configure': False, 'cmake_target': None, 'cmake_target_skip_unavailable': False, 'install_base': '/workspaces/Autonomous-Drone-Assistance/ros2_ws/install/drone_navigation', 'merge_install': False, 'path': '/workspaces/Autonomous-Drone-Assistance/ros2_ws/drone_navigation', 'symlink_install': True, 'test_result_base': None}
[3.636s] INFO:colcon.colcon_core.executor:Executing jobs using 'parallel' executor
[3.639s] DEBUG:colcon.colcon_parallel_executor.executor.parallel:run_until_complete
[3.640s] INFO:colcon.colcon_ros.task.ament_cmake.build:Building ROS package in '/workspaces/Autonomous-Drone-Assistance/ros2_ws/drone_control' with build type 'ament_cmake'
[3.641s] INFO:colcon.colcon_cmake.task.cmake.build:Building CMake package in '/workspaces/Autonomous-Drone-Assistance/ros2_ws/drone_control'
[3.698s] INFO:colcon.colcon_core.plugin_system:Skipping extension 'colcon_core.shell.bat': Not used on non-Windows systems
[3.699s] INFO:colcon.colcon_core.shell:Skip shell extension 'powershell' for command environment: Not usable outside of PowerShell
[3.701s] DEBUG:colcon.colcon_core.shell:Skip shell extension 'dsv' for command environment
[3.953s] INFO:colcon.colcon_ros.task.ament_python.build:Building ROS package in '/workspaces/Autonomous-Drone-Assistance/ros2_ws/drone_navigation' with build type 'ament_python'
[3.954s] Level 1:colcon.colcon_core.shell:create_environment_hook('drone_navigation', 'ament_prefix_path')
[3.956s] INFO:colcon.colcon_core.shell:Creating environment hook '/workspaces/Autonomous-Drone-Assistance/ros2_ws/install/drone_navigation/share/drone_navigation/hook/ament_prefix_path.ps1'
[4.047s] INFO:colcon.colcon_core.shell:Creating environment descriptor '/workspaces/Autonomous-Drone-Assistance/ros2_ws/install/drone_navigation/share/drone_navigation/hook/ament_prefix_path.dsv'
[4.115s] INFO:colcon.colcon_core.shell:Creating environment hook '/workspaces/Autonomous-Drone-Assistance/ros2_ws/install/drone_navigation/share/drone_navigation/hook/ament_prefix_path.sh'
[4.284s] INFO:colcon.colcon_core.shell:Skip shell extension 'powershell' for command environment: Not usable outside of PowerShell
[4.285s] DEBUG:colcon.colcon_core.shell:Skip shell extension 'dsv' for command environment
[4.812s] DEBUG:colcon.colcon_core.event_handler.log_command:Invoking command in '/workspaces/Autonomous-Drone-Assistance/ros2_ws/build/drone_control': CMAKE_PREFIX_PATH=/workspaces/Autonomous-Drone-Assistance/ros2_ws/install/drone_navigation:/opt/ros/humble /usr/bin/cmake --build /workspaces/Autonomous-Drone-Assistance/ros2_ws/build/drone_control -- -j8 -l8
[6.872s] INFO:colcon.colcon_core.task.python.build:Building Python package in '/workspaces/Autonomous-Drone-Assistance/ros2_ws/drone_navigation'
[6.884s] INFO:colcon.colcon_core.shell:Skip shell extension 'powershell' for command environment: Not usable outside of PowerShell
[6.888s] DEBUG:colcon.colcon_core.shell:Skip shell extension 'dsv' for command environment
[9.952s] DEBUG:colcon.colcon_core.event_handler.log_command:Invoking command in '/workspaces/Autonomous-Drone-Assistance/ros2_ws/build/drone_navigation': PYTHONPATH=/workspaces/Autonomous-Drone-Assistance/ros2_ws/build/drone_navigation/prefix_override:/usr/lib/python3/dist-packages/colcon_core/task/python/colcon_distutils_commands:/workspaces/Autonomous-Drone-Assistance/ros2_ws/install/drone_navigation/lib/python3.10/site-packages:${PYTHONPATH} /usr/bin/python3 -W ignore:setup.py install is deprecated -W ignore:easy_install command is deprecated setup.py develop --editable --build-directory /workspaces/Autonomous-Drone-Assistance/ros2_ws/build/drone_navigation/build --no-deps symlink_data
[10.630s] DEBUG:colcon.colcon_core.event_handler.log_command:Invoked command in '/workspaces/Autonomous-Drone-Assistance/ros2_ws/build/drone_control' returned '2': CMAKE_PREFIX_PATH=/workspaces/Autonomous-Drone-Assistance/ros2_ws/install/drone_navigation:/opt/ros/humble /usr/bin/cmake --build /workspaces/Autonomous-Drone-Assistance/ros2_ws/build/drone_control -- -j8 -l8
[10.671s] Level 1:colcon.colcon_core.environment:create_environment_scripts_only(drone_control)
[10.696s] Level 1:colcon.colcon_core.environment:checking '/workspaces/Autonomous-Drone-Assistance/ros2_ws/install/drone_control' for CMake module files
[10.820s] Level 1:colcon.colcon_core.environment:checking '/workspaces/Autonomous-Drone-Assistance/ros2_ws/install/drone_control' for CMake config files
[10.894s] Level 1:colcon.colcon_core.environment:checking '/workspaces/Autonomous-Drone-Assistance/ros2_ws/install/drone_control/bin'
[10.897s] Level 1:colcon.colcon_core.environment:checking '/workspaces/Autonomous-Drone-Assistance/ros2_ws/install/drone_control/lib/pkgconfig/drone_control.pc'
[10.901s] Level 1:colcon.colcon_core.environment:checking '/workspaces/Autonomous-Drone-Assistance/ros2_ws/install/drone_control/lib/python3.10/site-packages'
[10.904s] Level 1:colcon.colcon_core.environment:checking '/workspaces/Autonomous-Drone-Assistance/ros2_ws/install/drone_control/bin'
[10.908s] INFO:colcon.colcon_core.shell:Creating package script '/workspaces/Autonomous-Drone-Assistance/ros2_ws/install/drone_control/share/drone_control/package.ps1'
[10.981s] INFO:colcon.colcon_core.shell:Creating package descriptor '/workspaces/Autonomous-Drone-Assistance/ros2_ws/install/drone_control/share/drone_control/package.dsv'
[11.094s] INFO:colcon.colcon_core.shell:Creating package script '/workspaces/Autonomous-Drone-Assistance/ros2_ws/install/drone_control/share/drone_control/package.sh'
[11.197s] INFO:colcon.colcon_core.shell:Creating package script '/workspaces/Autonomous-Drone-Assistance/ros2_ws/install/drone_control/share/drone_control/package.bash'
[11.248s] INFO:colcon.colcon_core.shell:Creating package script '/workspaces/Autonomous-Drone-Assistance/ros2_ws/install/drone_control/share/drone_control/package.zsh'
[11.290s] Level 1:colcon.colcon_core.environment:create_file_with_runtime_dependencies(/workspaces/Autonomous-Drone-Assistance/ros2_ws/install/drone_control/share/colcon-core/packages/drone_control)
[14.140s] DEBUG:colcon.colcon_parallel_executor.executor.parallel:closing loop
[14.147s] DEBUG:colcon.colcon_parallel_executor.executor.parallel:loop closed
[14.150s] DEBUG:colcon.colcon_parallel_executor.executor.parallel:run_until_complete finished with '2'
[14.154s] DEBUG:colcon.colcon_core.event_reactor:joining thread
[14.253s] INFO:colcon.colcon_core.plugin_system:Skipping extension 'colcon_notification.desktop_notification.notify_send': Could not find 'notify-send'
[14.254s] INFO:colcon.colcon_core.plugin_system:Skipping extension 'colcon_notification.desktop_notification.terminal_notifier': Not used on non-Darwin systems
[14.255s] INFO:colcon.colcon_core.plugin_system:Skipping extension 'colcon_notification.desktop_notification.win32': Not used on non-Windows systems
[14.256s] INFO:colcon.colcon_notification.desktop_notification:Sending desktop notification using 'notify2'
[14.260s] DEBUG:colcon.colcon_notification.desktop_notification.notify2:Failed to initialize notify2: org.freedesktop.DBus.Error.Spawn.ExecFailed: /usr/bin/dbus-launch terminated abnormally without any error message
[14.261s] DEBUG:colcon.colcon_core.event_reactor:joined thread
[14.262s] INFO:colcon.colcon_core.shell:Creating prefix script '/workspaces/Autonomous-Drone-Assistance/ros2_ws/install/local_setup.ps1'
[14.277s] INFO:colcon.colcon_core.shell:Creating prefix util module '/workspaces/Autonomous-Drone-Assistance/ros2_ws/install/_local_setup_util_ps1.py'
[14.294s] INFO:colcon.colcon_core.shell:Creating prefix chain script '/workspaces/Autonomous-Drone-Assistance/ros2_ws/install/setup.ps1'
[14.375s] INFO:colcon.colcon_core.shell:Creating prefix script '/workspaces/Autonomous-Drone-Assistance/ros2_ws/install/local_setup.sh'
[14.410s] INFO:colcon.colcon_core.shell:Creating prefix util module '/workspaces/Autonomous-Drone-Assistance/ros2_ws/install/_local_setup_util_sh.py'
[14.436s] INFO:colcon.colcon_core.shell:Creating prefix chain script '/workspaces/Autonomous-Drone-Assistance/ros2_ws/install/setup.sh'
[14.500s] INFO:colcon.colcon_core.shell:Creating prefix script '/workspaces/Autonomous-Drone-Assistance/ros2_ws/install/local_setup.bash'
[14.525s] INFO:colcon.colcon_core.shell:Creating prefix chain script '/workspaces/Autonomous-Drone-Assistance/ros2_ws/install/setup.bash'
[14.588s] INFO:colcon.colcon_core.shell:Creating prefix script '/workspaces/Autonomous-Drone-Assistance/ros2_ws/install/local_setup.zsh'
[14.612s] INFO:colcon.colcon_core.shell:Creating prefix chain script '/workspaces/Autonomous-Drone-Assistance/ros2_ws/install/setup.zsh'
